2020-01-17 10:49:19,503 
Namespace(cfg='experiments/charades/2D-TAN-16x16-K5L8-pool.yaml', dataDir=None, gpus=None, logDir=None, modelDir=None, tag=None, verbose=True, workers=None)
2020-01-17 10:49:19,505 
{'CUDNN': {'BENCHMARK': True, 'DETERMINISTIC': False, 'ENABLED': True},
 'DATASET': {'BIAS': 0,
             'DOWNSAMPLING_STRIDE': 16,
             'MODALITY': '',
             'NAME': 'Charades',
             'NORMALIZE': True,
             'NO_VAL': True,
             'NUM_SAMPLE_CLIPS': 256,
             'RANDOM_SAMPLING': False,
             'ROOT': '',
             'SPLIT': '',
             'TARGET_STRIDE': 16,
             'VIS_INPUT_TYPE': 'c3d_rgb'},
 'DATA_DIR': '',
 'LOG_DIR': '',
 'LOSS': {'NAME': 'bce_rescale_loss',
          'PARAMS': {'BIAS': 0.0, 'MAX_IOU': 1.0, 'MIN_IOU': 0.5}},
 'MODEL': {'CHECKPOINT': './checkpoints/Charades/iter001935-0.3970-0.8680.pkl',
           'NAME': 'TAN'},
 'MODEL_DIR': '',
 'RECBCELOSS': {'NAME': 'bce_cap_guide_loss',
                'PARAMS': {'BIAS': 0.0, 'NEG_THRESH': 0.7, 'POS_THRESH': 0.1}},
 'RECLOSS': {'NAME': 'reconstruction_loss',
             'PARAMS': {'BIAS': 0.0, 'MAX_IOU': 0.7, 'TOPK': 20}},
 'RESULT_DIR': '',
 'TAG': '',
 'TAN': {'CAPTION_MODULE': {'NAME': 'MyCaptionModel',
                            'PARAMS': {'DIM_HIDDEN': 512,
                                       'DIM_VID': 512,
                                       'DIM_WORD': 300,
                                       'N_LAYERS': 1,
                                       'RNN_CELL': 'LSTM',
                                       'TOPK': 10}},
         'FRAME_MODULE': {'NAME': 'FrameAvgPool',
                          'PARAMS': {'HIDDEN_SIZE': 512,
                                     'INPUT_SIZE': 4096,
                                     'KERNEL_SIZE': 16,
                                     'STRIDE': 16}},
         'FUSION_MODULE': {'NAME': 'BaseFusion',
                           'PARAMS': {'HIDDEN_SIZE': 512,
                                      'LSTM': {'BIDIRECTIONAL': False,
                                               'NUM_LAYERS': 3},
                                      'TXT_HIDDEN_SIZE': 512,
                                      'TXT_INPUT_SIZE': 300}},
         'MAP_MODULE': {'NAME': 'MapConv',
                        'PARAMS': {'DILATIONS': [1, 1, 1, 1, 1, 1, 1, 1],
                                   'HIDDEN_SIZES': [512,
                                                    512,
                                                    512,
                                                    512,
                                                    512,
                                                    512,
                                                    512,
                                                    512],
                                   'INPUT_SIZE': 512,
                                   'KERNEL_SIZES': [5, 5, 5, 5, 5, 5, 5, 5],
                                   'PADDINGS': [16, 0, 0, 0, 0, 0, 0, 0],
                                   'STRIDES': [1, 1, 1, 1, 1, 1, 1, 1]}},
         'PRED_INPUT_SIZE': 512,
         'PROP_MODULE': {'NAME': 'SparsePropMaxPool',
                         'PARAMS': {'NUM_SCALE_LAYERS': [16]}}},
 'TEST': {'BATCH_SIZE': 256,
          'EVAL_TRAIN': True,
          'INTERVAL': 1,
          'NMS_THRESH': 0.45,
          'RECALL': '1,5',
          'TIOU': '0.5,0.7',
          'TOP_K': 10},
 'TRAIN': {'BATCH_SIZE': 512,
           'CONTINUE': False,
           'FACTOR': 0.8,
           'LR': 0.0001,
           'MAX_EPOCH': 100,
           'PATIENCE': 20,
           'SHUFFLE': True,
           'WEIGHT_DECAY': 0.0,
           'caption_eval_prop': True,
           'neg_thresh': 0.7,
           'pos_thresh': 0.1},
 'VERBOSE': True,
 'WORKERS': 16,
 'cuda_devices': '0,1,2,3',
 'platform_lst': ['lab', 'dev', 'cluster'],
 'platform_option': 1,
 'upload': False}
